Got browser profile options from settings file: 
{disable-popup-blocking=true, profile.default_content_settings.popups=0, download.prompt_for_download=false, intl.accept_languages=en, safebrowsing.enabled=true, download.default_directory=//home//selenium//downloads}
Got browser capabilities from settings file: 
{enableVNC=true}
Using Log4J2 as the default logging framework
-Dio.netty.leakDetection.level: simple
-Dio.netty.leakDetection.targetRecords: 4
Loaded default ResourceLeakDetector: io.netty.util.ResourceLeakDetector@6b2e46af
-Dio.netty.noUnsafe: false
Java version: 11
sun.misc.Unsafe.theUnsafe: available
sun.misc.Unsafe.copyMemory: available
java.nio.Buffer.address: available
direct buffer constructor: unavailable: Reflective setAccessible(true) disabled
java.nio.Bits.unaligned: available, true
jdk.internal.misc.Unsafe.allocateUninitializedArray(int): unavailable: class io.netty.util.internal.PlatformDependent0$6 cannot access class jdk.internal.misc.Unsafe (in module java.base) because module java.base does not export jdk.internal.misc to unnamed module @15400fff
java.nio.DirectByteBuffer.<init>(long, int): unavailable
sun.misc.Unsafe: available
maxDirectMemory: 1056964608 bytes (maybe)
-Dio.netty.tmpdir: C:\Users\Vika\AppData\Local\Temp (java.io.tmpdir)
-Dio.netty.bitMode: 64 (sun.arch.data.model)
Platform: Windows
-Dio.netty.maxDirectMemory: -1 bytes
-Dio.netty.uninitializedArrayAllocationThreshold: -1
java.nio.ByteBuffer.cleaner(): available
-Dio.netty.noPreferDirect: false
org.jctools-core.MpscChunkedArrayQueue: available
-Dio.netty.threadLocalMap.stringBuilder.initialSize: 1024
-Dio.netty.threadLocalMap.stringBuilder.maxSize: 4096
Default protocols (JDK): [TLSv1.3, TLSv1.2] 
Default cipher suites (JDK): [TLS_ECDHE_ECDSA_WITH_AES_256_GCM_SHA384, TLS_ECDHE_ECDSA_WITH_AES_128_GCM_SHA256, TLS_ECDHE_RSA_WITH_AES_128_GCM_SHA256, TLS_ECDHE_RSA_WITH_AES_256_GCM_SHA384, TLS_ECDHE_RSA_WITH_AES_128_CBC_SHA, TLS_ECDHE_RSA_WITH_AES_256_CBC_SHA, TLS_RSA_WITH_AES_128_GCM_SHA256, TLS_RSA_WITH_AES_128_CBC_SHA, TLS_RSA_WITH_AES_256_CBC_SHA, TLS_AES_128_GCM_SHA256, TLS_AES_256_GCM_SHA384]
-Dio.netty.eventLoopThreads: 8
-Dio.netty.noKeySetOptimization: false
-Dio.netty.selectorAutoRebuildThreshold: 512
-Dio.netty.allocator.numHeapArenas: 8
-Dio.netty.allocator.numDirectArenas: 8
-Dio.netty.allocator.pageSize: 8192
-Dio.netty.allocator.maxOrder: 11
-Dio.netty.allocator.chunkSize: 16777216
-Dio.netty.allocator.smallCacheSize: 256
-Dio.netty.allocator.normalCacheSize: 64
-Dio.netty.allocator.maxCachedBufferCapacity: 32768
-Dio.netty.allocator.cacheTrimInterval: 8192
-Dio.netty.allocator.cacheTrimIntervalMillis: 0
-Dio.netty.allocator.useCacheForAllThreads: true
-Dio.netty.allocator.maxCachedByteBuffersPerChunk: 1023
-Dio.netty.allocator.type: pooled
-Dio.netty.threadLocalDirectBufferSize: 0
-Dio.netty.maxThreadLocalCharBufferSize: 16384
-Dio.netty.processId: 5308 (auto-detected)
-Djava.net.preferIPv4Stack: false
-Djava.net.preferIPv6Addresses: false
Loopback interface: lo (Software Loopback Interface 1, 127.0.0.1)
Failed to get SOMAXCONN from sysctl and file \proc\sys\net\core\somaxconn. Default: 200
-Dio.netty.machineId: ec:a8:6b:ff:fe:f2:16:e9 (auto-detected)
-Dio.netty.buffer.checkAccessible: true
-Dio.netty.buffer.checkBounds: true
Loaded default ResourceLeakDetector: io.netty.util.ResourceLeakDetector@333b3d58
-Dio.netty.recycler.maxCapacityPerThread: 4096
-Dio.netty.recycler.maxSharedCapacityFactor: 2
-Dio.netty.recycler.linkCapacity: 16
-Dio.netty.recycler.ratio: 8
-Dio.netty.recycler.delayedQueue.ratio: 8
brotli4j not in the classpath; Brotli support will be unavailable.
-Dio.netty.initialSeedUniquifier: 0x83bda340509e6968
Set '60' timeout in seconds for loading of pages
Set async javascript execution timeout '10' in seconds
Browser 'CHROME' ready...
Maximizing browser window
Navigate to url - 'https://vk.com/'
Waiting for page to load
Text Field 'Login input' :: Clearing
Text Field 'Login input' :: Typing '+375291660762'
Text Field 'Password input' :: Clearing
Text Field 'Password input' :: Typing 'PuV6j_.2&$m9h?UYY'
Button 'Enter button' :: Clicking
Link 'My page' :: Clicking
Waiting for page to load
Label 'User as author' :: Getting attribute 'href'
Label 'User as author' :: Value of attribute 'href': [https://vk.com/id627657327]
Label 'Post text' :: Getting text from element
Label 'Post text' :: Element's text: [nG1vFAU3tMWCnHI]
Label 'Post text' :: Getting text from element
Label 'Post text' :: Element's text: [nG1vFAU3tMWCnHI]
Closing browser
Got browser profile options from settings file: 
{disable-popup-blocking=true, profile.default_content_settings.popups=0, download.prompt_for_download=false, intl.accept_languages=en, safebrowsing.enabled=true, download.default_directory=//home//selenium//downloads}
Got browser capabilities from settings file: 
{enableVNC=true}
Using Log4J2 as the default logging framework
-Dio.netty.leakDetection.level: simple
-Dio.netty.leakDetection.targetRecords: 4
Loaded default ResourceLeakDetector: io.netty.util.ResourceLeakDetector@292158f8
-Dio.netty.noUnsafe: false
Java version: 11
sun.misc.Unsafe.theUnsafe: available
sun.misc.Unsafe.copyMemory: available
java.nio.Buffer.address: available
direct buffer constructor: unavailable: Reflective setAccessible(true) disabled
java.nio.Bits.unaligned: available, true
jdk.internal.misc.Unsafe.allocateUninitializedArray(int): unavailable: class io.netty.util.internal.PlatformDependent0$6 cannot access class jdk.internal.misc.Unsafe (in module java.base) because module java.base does not export jdk.internal.misc to unnamed module @227a47
java.nio.DirectByteBuffer.<init>(long, int): unavailable
sun.misc.Unsafe: available
maxDirectMemory: 1056964608 bytes (maybe)
-Dio.netty.tmpdir: C:\Users\Vika\AppData\Local\Temp (java.io.tmpdir)
-Dio.netty.bitMode: 64 (sun.arch.data.model)
Platform: Windows
-Dio.netty.maxDirectMemory: -1 bytes
-Dio.netty.uninitializedArrayAllocationThreshold: -1
java.nio.ByteBuffer.cleaner(): available
-Dio.netty.noPreferDirect: false
org.jctools-core.MpscChunkedArrayQueue: available
-Dio.netty.threadLocalMap.stringBuilder.initialSize: 1024
-Dio.netty.threadLocalMap.stringBuilder.maxSize: 4096
Default protocols (JDK): [TLSv1.3, TLSv1.2] 
Default cipher suites (JDK): [TLS_ECDHE_ECDSA_WITH_AES_256_GCM_SHA384, TLS_ECDHE_ECDSA_WITH_AES_128_GCM_SHA256, TLS_ECDHE_RSA_WITH_AES_128_GCM_SHA256, TLS_ECDHE_RSA_WITH_AES_256_GCM_SHA384, TLS_ECDHE_RSA_WITH_AES_128_CBC_SHA, TLS_ECDHE_RSA_WITH_AES_256_CBC_SHA, TLS_RSA_WITH_AES_128_GCM_SHA256, TLS_RSA_WITH_AES_128_CBC_SHA, TLS_RSA_WITH_AES_256_CBC_SHA, TLS_AES_128_GCM_SHA256, TLS_AES_256_GCM_SHA384]
-Dio.netty.eventLoopThreads: 8
-Dio.netty.noKeySetOptimization: false
-Dio.netty.selectorAutoRebuildThreshold: 512
-Dio.netty.allocator.numHeapArenas: 8
-Dio.netty.allocator.numDirectArenas: 8
-Dio.netty.allocator.pageSize: 8192
-Dio.netty.allocator.maxOrder: 11
-Dio.netty.allocator.chunkSize: 16777216
-Dio.netty.allocator.smallCacheSize: 256
-Dio.netty.allocator.normalCacheSize: 64
-Dio.netty.allocator.maxCachedBufferCapacity: 32768
-Dio.netty.allocator.cacheTrimInterval: 8192
-Dio.netty.allocator.cacheTrimIntervalMillis: 0
-Dio.netty.allocator.useCacheForAllThreads: true
-Dio.netty.allocator.maxCachedByteBuffersPerChunk: 1023
-Dio.netty.allocator.type: pooled
-Dio.netty.threadLocalDirectBufferSize: 0
-Dio.netty.maxThreadLocalCharBufferSize: 16384
-Dio.netty.processId: 8084 (auto-detected)
-Djava.net.preferIPv4Stack: false
-Djava.net.preferIPv6Addresses: false
Loopback interface: lo (Software Loopback Interface 1, 127.0.0.1)
Failed to get SOMAXCONN from sysctl and file \proc\sys\net\core\somaxconn. Default: 200
-Dio.netty.machineId: ec:a8:6b:ff:fe:f2:16:e9 (auto-detected)
-Dio.netty.buffer.checkAccessible: true
-Dio.netty.buffer.checkBounds: true
Loaded default ResourceLeakDetector: io.netty.util.ResourceLeakDetector@5f2bb890
-Dio.netty.recycler.maxCapacityPerThread: 4096
-Dio.netty.recycler.maxSharedCapacityFactor: 2
-Dio.netty.recycler.linkCapacity: 16
-Dio.netty.recycler.ratio: 8
-Dio.netty.recycler.delayedQueue.ratio: 8
brotli4j not in the classpath; Brotli support will be unavailable.
-Dio.netty.initialSeedUniquifier: 0x67975e0578884b2e
Set '60' timeout in seconds for loading of pages
Set async javascript execution timeout '10' in seconds
Browser 'CHROME' ready...
Maximizing browser window
Navigate to url - 'https://vk.com/'
Waiting for page to load
Text Field 'Login input' :: Clearing
Text Field 'Login input' :: Typing '+375291660762'
Text Field 'Password input' :: Clearing
Text Field 'Password input' :: Typing 'PuV6j_.2&$m9h?UYY'
Button 'Enter button' :: Clicking
Link 'My page' :: Clicking
Waiting for page to load
Label 'User as author' :: Getting attribute 'href'
Label 'User as author' :: Value of attribute 'href': [https://vk.com/id627657327]
Label 'Post text' :: Getting text from element
Label 'Post text' :: Element's text: [MwnCnHkmdk4tSdz]
Label 'Post text' :: Getting text from element
Label 'Post text' :: Element's text: [MwnCnHkmdk4tSdz]
Closing browser
Got browser profile options from settings file: 
{disable-popup-blocking=true, profile.default_content_settings.popups=0, download.prompt_for_download=false, intl.accept_languages=en, safebrowsing.enabled=true, download.default_directory=//home//selenium//downloads}
Got browser capabilities from settings file: 
{enableVNC=true}
Using Log4J2 as the default logging framework
-Dio.netty.leakDetection.level: simple
-Dio.netty.leakDetection.targetRecords: 4
Loaded default ResourceLeakDetector: io.netty.util.ResourceLeakDetector@5f038248
-Dio.netty.noUnsafe: false
Java version: 11
sun.misc.Unsafe.theUnsafe: available
sun.misc.Unsafe.copyMemory: available
java.nio.Buffer.address: available
direct buffer constructor: unavailable: Reflective setAccessible(true) disabled
java.nio.Bits.unaligned: available, true
jdk.internal.misc.Unsafe.allocateUninitializedArray(int): unavailable: class io.netty.util.internal.PlatformDependent0$6 cannot access class jdk.internal.misc.Unsafe (in module java.base) because module java.base does not export jdk.internal.misc to unnamed module @252dc8c4
java.nio.DirectByteBuffer.<init>(long, int): unavailable
sun.misc.Unsafe: available
maxDirectMemory: 1056964608 bytes (maybe)
-Dio.netty.tmpdir: C:\Users\Vika\AppData\Local\Temp (java.io.tmpdir)
-Dio.netty.bitMode: 64 (sun.arch.data.model)
Platform: Windows
-Dio.netty.maxDirectMemory: -1 bytes
-Dio.netty.uninitializedArrayAllocationThreshold: -1
java.nio.ByteBuffer.cleaner(): available
-Dio.netty.noPreferDirect: false
org.jctools-core.MpscChunkedArrayQueue: available
-Dio.netty.threadLocalMap.stringBuilder.initialSize: 1024
-Dio.netty.threadLocalMap.stringBuilder.maxSize: 4096
Default protocols (JDK): [TLSv1.3, TLSv1.2] 
Default cipher suites (JDK): [TLS_ECDHE_ECDSA_WITH_AES_256_GCM_SHA384, TLS_ECDHE_ECDSA_WITH_AES_128_GCM_SHA256, TLS_ECDHE_RSA_WITH_AES_128_GCM_SHA256, TLS_ECDHE_RSA_WITH_AES_256_GCM_SHA384, TLS_ECDHE_RSA_WITH_AES_128_CBC_SHA, TLS_ECDHE_RSA_WITH_AES_256_CBC_SHA, TLS_RSA_WITH_AES_128_GCM_SHA256, TLS_RSA_WITH_AES_128_CBC_SHA, TLS_RSA_WITH_AES_256_CBC_SHA, TLS_AES_128_GCM_SHA256, TLS_AES_256_GCM_SHA384]
-Dio.netty.eventLoopThreads: 8
-Dio.netty.noKeySetOptimization: false
-Dio.netty.selectorAutoRebuildThreshold: 512
-Dio.netty.allocator.numHeapArenas: 8
-Dio.netty.allocator.numDirectArenas: 8
-Dio.netty.allocator.pageSize: 8192
-Dio.netty.allocator.maxOrder: 11
-Dio.netty.allocator.chunkSize: 16777216
-Dio.netty.allocator.smallCacheSize: 256
-Dio.netty.allocator.normalCacheSize: 64
-Dio.netty.allocator.maxCachedBufferCapacity: 32768
-Dio.netty.allocator.cacheTrimInterval: 8192
-Dio.netty.allocator.cacheTrimIntervalMillis: 0
-Dio.netty.allocator.useCacheForAllThreads: true
-Dio.netty.allocator.maxCachedByteBuffersPerChunk: 1023
-Dio.netty.allocator.type: pooled
-Dio.netty.threadLocalDirectBufferSize: 0
-Dio.netty.maxThreadLocalCharBufferSize: 16384
-Dio.netty.processId: 8156 (auto-detected)
-Djava.net.preferIPv4Stack: false
-Djava.net.preferIPv6Addresses: false
Loopback interface: lo (Software Loopback Interface 1, 127.0.0.1)
Failed to get SOMAXCONN from sysctl and file \proc\sys\net\core\somaxconn. Default: 200
-Dio.netty.machineId: ec:a8:6b:ff:fe:f2:16:e9 (auto-detected)
-Dio.netty.buffer.checkAccessible: true
-Dio.netty.buffer.checkBounds: true
Loaded default ResourceLeakDetector: io.netty.util.ResourceLeakDetector@296655bc
-Dio.netty.recycler.maxCapacityPerThread: 4096
-Dio.netty.recycler.maxSharedCapacityFactor: 2
-Dio.netty.recycler.linkCapacity: 16
-Dio.netty.recycler.ratio: 8
-Dio.netty.recycler.delayedQueue.ratio: 8
brotli4j not in the classpath; Brotli support will be unavailable.
-Dio.netty.initialSeedUniquifier: 0x7ddc84f320aa36f4
Set '60' timeout in seconds for loading of pages
Set async javascript execution timeout '10' in seconds
Browser 'CHROME' ready...
Maximizing browser window
Navigate to url - 'https://vk.com/'
Waiting for page to load
Text Field 'Login input' :: Clearing
Text Field 'Login input' :: Typing '+375291660762'
Text Field 'Password input' :: Clearing
Text Field 'Password input' :: Typing 'PuV6j_.2&$m9h?UYY'
Button 'Enter button' :: Clicking
Link 'My page' :: Clicking
Waiting for page to load
Label 'User as author' :: Getting attribute 'href'
Label 'User as author' :: Value of attribute 'href': [https://vk.com/id627657327]
Label 'Post text' :: Getting text from element
Label 'Post text' :: Element's text: [xS5pxVaquskQ1t5]
Label 'Post text' :: Getting text from element
Label 'Post text' :: Element's text: [xS5pxVaquskQ1t5]
Closing browser
Got browser profile options from settings file: 
{disable-popup-blocking=true, profile.default_content_settings.popups=0, download.prompt_for_download=false, intl.accept_languages=en, safebrowsing.enabled=true, download.default_directory=//home//selenium//downloads}
Got browser capabilities from settings file: 
{enableVNC=true}
Using Log4J2 as the default logging framework
-Dio.netty.leakDetection.level: simple
-Dio.netty.leakDetection.targetRecords: 4
Loaded default ResourceLeakDetector: io.netty.util.ResourceLeakDetector@767191b1
-Dio.netty.noUnsafe: false
Java version: 11
sun.misc.Unsafe.theUnsafe: available
sun.misc.Unsafe.copyMemory: available
java.nio.Buffer.address: available
direct buffer constructor: unavailable: Reflective setAccessible(true) disabled
java.nio.Bits.unaligned: available, true
jdk.internal.misc.Unsafe.allocateUninitializedArray(int): unavailable: class io.netty.util.internal.PlatformDependent0$6 cannot access class jdk.internal.misc.Unsafe (in module java.base) because module java.base does not export jdk.internal.misc to unnamed module @6dd1c3ed
java.nio.DirectByteBuffer.<init>(long, int): unavailable
sun.misc.Unsafe: available
maxDirectMemory: 1056964608 bytes (maybe)
-Dio.netty.tmpdir: C:\Users\Vika\AppData\Local\Temp (java.io.tmpdir)
-Dio.netty.bitMode: 64 (sun.arch.data.model)
Platform: Windows
-Dio.netty.maxDirectMemory: -1 bytes
-Dio.netty.uninitializedArrayAllocationThreshold: -1
java.nio.ByteBuffer.cleaner(): available
-Dio.netty.noPreferDirect: false
org.jctools-core.MpscChunkedArrayQueue: available
-Dio.netty.threadLocalMap.stringBuilder.initialSize: 1024
-Dio.netty.threadLocalMap.stringBuilder.maxSize: 4096
Default protocols (JDK): [TLSv1.3, TLSv1.2] 
Default cipher suites (JDK): [TLS_ECDHE_ECDSA_WITH_AES_256_GCM_SHA384, TLS_ECDHE_ECDSA_WITH_AES_128_GCM_SHA256, TLS_ECDHE_RSA_WITH_AES_128_GCM_SHA256, TLS_ECDHE_RSA_WITH_AES_256_GCM_SHA384, TLS_ECDHE_RSA_WITH_AES_128_CBC_SHA, TLS_ECDHE_RSA_WITH_AES_256_CBC_SHA, TLS_RSA_WITH_AES_128_GCM_SHA256, TLS_RSA_WITH_AES_128_CBC_SHA, TLS_RSA_WITH_AES_256_CBC_SHA, TLS_AES_128_GCM_SHA256, TLS_AES_256_GCM_SHA384]
-Dio.netty.eventLoopThreads: 8
-Dio.netty.noKeySetOptimization: false
-Dio.netty.selectorAutoRebuildThreshold: 512
-Dio.netty.allocator.numHeapArenas: 8
-Dio.netty.allocator.numDirectArenas: 8
-Dio.netty.allocator.pageSize: 8192
-Dio.netty.allocator.maxOrder: 11
-Dio.netty.allocator.chunkSize: 16777216
-Dio.netty.allocator.smallCacheSize: 256
-Dio.netty.allocator.normalCacheSize: 64
-Dio.netty.allocator.maxCachedBufferCapacity: 32768
-Dio.netty.allocator.cacheTrimInterval: 8192
-Dio.netty.allocator.cacheTrimIntervalMillis: 0
-Dio.netty.allocator.useCacheForAllThreads: true
-Dio.netty.allocator.maxCachedByteBuffersPerChunk: 1023
-Dio.netty.allocator.type: pooled
-Dio.netty.threadLocalDirectBufferSize: 0
-Dio.netty.maxThreadLocalCharBufferSize: 16384
-Dio.netty.processId: 4448 (auto-detected)
-Djava.net.preferIPv4Stack: false
-Djava.net.preferIPv6Addresses: false
Loopback interface: lo (Software Loopback Interface 1, 127.0.0.1)
Failed to get SOMAXCONN from sysctl and file \proc\sys\net\core\somaxconn. Default: 200
-Dio.netty.machineId: ec:a8:6b:ff:fe:f2:16:e9 (auto-detected)
-Dio.netty.buffer.checkAccessible: true
-Dio.netty.buffer.checkBounds: true
Loaded default ResourceLeakDetector: io.netty.util.ResourceLeakDetector@6a951b4e
-Dio.netty.recycler.maxCapacityPerThread: 4096
-Dio.netty.recycler.maxSharedCapacityFactor: 2
-Dio.netty.recycler.linkCapacity: 16
-Dio.netty.recycler.ratio: 8
-Dio.netty.recycler.delayedQueue.ratio: 8
brotli4j not in the classpath; Brotli support will be unavailable.
-Dio.netty.initialSeedUniquifier: 0xfddb73453c1f57cc
Set '60' timeout in seconds for loading of pages
Set async javascript execution timeout '10' in seconds
Browser 'CHROME' ready...
Maximizing browser window
Navigate to url - 'https://vk.com/'
Waiting for page to load
Text Field 'Login input' :: Clearing
Text Field 'Login input' :: Typing '+375291660762'
Text Field 'Password input' :: Clearing
Text Field 'Password input' :: Typing 'PuV6j_.2&$m9h?UYY'
Button 'Enter button' :: Clicking
Link 'My page' :: Clicking
Waiting for page to load
Label 'User as author' :: Getting attribute 'href'
Label 'User as author' :: Value of attribute 'href': [https://vk.com/id627657327]
Label 'Post text' :: Getting text from element
Label 'Post text' :: Element's text: [9CowNlJQXEnQxiu]
Label 'Post text' :: Getting text from element
Label 'Post text' :: Element's text: [9CowNlJQXEnQxiu]
Closing browser
Got browser capabilities from settings file: 
{enableVNC=true}
Got browser profile options from settings file: 
{browser.download.folderList=2, browser.helperApps.alwaysAsk.force=false, browser.helperApps.neverAsk.saveToDisk=application/octet-stream, application/x-debian-package, application/x-www-form-urlencod, application/json, application/x-compressed, application/x-zip-compressed, application/zip, multipart/x-zip, text/plain, text/csv, intl.accept_languages=en, browser.download.manager.focusWhenStarting=false, browser.download.useDownloadDir=true, browser.download.manager.showAlertOnComplete=false, browser.download.panel.shown=false, browser.download.dir=//home//selenium//downloads, browser.download.manager.useWindow=false, browser.download.manager.showWhenStarting=false, browser.download.manager.alertOnEXEOpen=false, browser.download.manager.closeWhenDone=true}
Using Log4J2 as the default logging framework
-Dio.netty.leakDetection.level: simple
-Dio.netty.leakDetection.targetRecords: 4
Loaded default ResourceLeakDetector: io.netty.util.ResourceLeakDetector@2cd62003
-Dio.netty.noUnsafe: false
Java version: 11
sun.misc.Unsafe.theUnsafe: available
sun.misc.Unsafe.copyMemory: available
java.nio.Buffer.address: available
direct buffer constructor: unavailable: Reflective setAccessible(true) disabled
java.nio.Bits.unaligned: available, true
jdk.internal.misc.Unsafe.allocateUninitializedArray(int): unavailable: class io.netty.util.internal.PlatformDependent0$6 cannot access class jdk.internal.misc.Unsafe (in module java.base) because module java.base does not export jdk.internal.misc to unnamed module @61a91c9b
java.nio.DirectByteBuffer.<init>(long, int): unavailable
sun.misc.Unsafe: available
maxDirectMemory: 1056964608 bytes (maybe)
-Dio.netty.tmpdir: C:\Users\Vika\AppData\Local\Temp (java.io.tmpdir)
-Dio.netty.bitMode: 64 (sun.arch.data.model)
Platform: Windows
-Dio.netty.maxDirectMemory: -1 bytes
-Dio.netty.uninitializedArrayAllocationThreshold: -1
java.nio.ByteBuffer.cleaner(): available
-Dio.netty.noPreferDirect: false
org.jctools-core.MpscChunkedArrayQueue: available
-Dio.netty.threadLocalMap.stringBuilder.initialSize: 1024
-Dio.netty.threadLocalMap.stringBuilder.maxSize: 4096
Default protocols (JDK): [TLSv1.3, TLSv1.2] 
Default cipher suites (JDK): [TLS_ECDHE_ECDSA_WITH_AES_256_GCM_SHA384, TLS_ECDHE_ECDSA_WITH_AES_128_GCM_SHA256, TLS_ECDHE_RSA_WITH_AES_128_GCM_SHA256, TLS_ECDHE_RSA_WITH_AES_256_GCM_SHA384, TLS_ECDHE_RSA_WITH_AES_128_CBC_SHA, TLS_ECDHE_RSA_WITH_AES_256_CBC_SHA, TLS_RSA_WITH_AES_128_GCM_SHA256, TLS_RSA_WITH_AES_128_CBC_SHA, TLS_RSA_WITH_AES_256_CBC_SHA, TLS_AES_128_GCM_SHA256, TLS_AES_256_GCM_SHA384]
-Dio.netty.eventLoopThreads: 8
-Dio.netty.noKeySetOptimization: false
-Dio.netty.selectorAutoRebuildThreshold: 512
-Dio.netty.allocator.numHeapArenas: 8
-Dio.netty.allocator.numDirectArenas: 8
-Dio.netty.allocator.pageSize: 8192
-Dio.netty.allocator.maxOrder: 11
-Dio.netty.allocator.chunkSize: 16777216
-Dio.netty.allocator.smallCacheSize: 256
-Dio.netty.allocator.normalCacheSize: 64
-Dio.netty.allocator.maxCachedBufferCapacity: 32768
-Dio.netty.allocator.cacheTrimInterval: 8192
-Dio.netty.allocator.cacheTrimIntervalMillis: 0
-Dio.netty.allocator.useCacheForAllThreads: true
-Dio.netty.allocator.maxCachedByteBuffersPerChunk: 1023
-Dio.netty.allocator.type: pooled
-Dio.netty.threadLocalDirectBufferSize: 0
-Dio.netty.maxThreadLocalCharBufferSize: 16384
-Dio.netty.processId: 1048 (auto-detected)
-Djava.net.preferIPv4Stack: false
-Djava.net.preferIPv6Addresses: false
Loopback interface: lo (Software Loopback Interface 1, 127.0.0.1)
Failed to get SOMAXCONN from sysctl and file \proc\sys\net\core\somaxconn. Default: 200
-Dio.netty.machineId: ec:a8:6b:ff:fe:f2:16:e9 (auto-detected)
-Dio.netty.buffer.checkAccessible: true
-Dio.netty.buffer.checkBounds: true
Loaded default ResourceLeakDetector: io.netty.util.ResourceLeakDetector@333c72b4
-Dio.netty.recycler.maxCapacityPerThread: 4096
-Dio.netty.recycler.maxSharedCapacityFactor: 2
-Dio.netty.recycler.linkCapacity: 16
-Dio.netty.recycler.ratio: 8
-Dio.netty.recycler.delayedQueue.ratio: 8
brotli4j not in the classpath; Brotli support will be unavailable.
Set '60' timeout in seconds for loading of pages
Set async javascript execution timeout '10' in seconds
Browser 'FIREFOX' ready...
Maximizing browser window
Navigate to url - 'https://vk.com/'
Waiting for page to load
Text Field 'Login input' :: Clearing
Text Field 'Login input' :: Typing '+375291660762'
Text Field 'Password input' :: Clearing
Text Field 'Password input' :: Typing 'PuV6j_.2&$m9h?UYY'
Button 'Enter button' :: Clicking
Link 'My page' :: Clicking
Waiting for page to load
Label 'User as author' :: Getting attribute 'href'
Label 'User as author' :: Value of attribute 'href': [https://vk.com/id627657327]
Label 'Post text' :: Getting text from element
Label 'Post text' :: Element's text: [2mjmwOKvuZxpVCF]
Label 'Post text' :: Getting text from element
Label 'Post text' :: Element's text: [2mjmwOKvuZxpVCF]
Closing browser
Got browser capabilities from settings file: 
{enableVNC=true}
Got browser profile options from settings file: 
{browser.download.folderList=2, browser.helperApps.alwaysAsk.force=false, browser.helperApps.neverAsk.saveToDisk=application/octet-stream, application/x-debian-package, application/x-www-form-urlencod, application/json, application/x-compressed, application/x-zip-compressed, application/zip, multipart/x-zip, text/plain, text/csv, intl.accept_languages=en, browser.download.manager.focusWhenStarting=false, browser.download.useDownloadDir=true, browser.download.manager.showAlertOnComplete=false, browser.download.panel.shown=false, browser.download.dir=//home//selenium//downloads, browser.download.manager.useWindow=false, browser.download.manager.showWhenStarting=false, browser.download.manager.alertOnEXEOpen=false, browser.download.manager.closeWhenDone=true}
Using Log4J2 as the default logging framework
-Dio.netty.leakDetection.level: simple
-Dio.netty.leakDetection.targetRecords: 4
Loaded default ResourceLeakDetector: io.netty.util.ResourceLeakDetector@869d87c
-Dio.netty.noUnsafe: false
Java version: 11
sun.misc.Unsafe.theUnsafe: available
sun.misc.Unsafe.copyMemory: available
java.nio.Buffer.address: available
direct buffer constructor: unavailable: Reflective setAccessible(true) disabled
java.nio.Bits.unaligned: available, true
jdk.internal.misc.Unsafe.allocateUninitializedArray(int): unavailable: class io.netty.util.internal.PlatformDependent0$6 cannot access class jdk.internal.misc.Unsafe (in module java.base) because module java.base does not export jdk.internal.misc to unnamed module @559cedee
java.nio.DirectByteBuffer.<init>(long, int): unavailable
sun.misc.Unsafe: available
maxDirectMemory: 1056964608 bytes (maybe)
-Dio.netty.tmpdir: C:\Users\Vika\AppData\Local\Temp (java.io.tmpdir)
-Dio.netty.bitMode: 64 (sun.arch.data.model)
Platform: Windows
-Dio.netty.maxDirectMemory: -1 bytes
-Dio.netty.uninitializedArrayAllocationThreshold: -1
java.nio.ByteBuffer.cleaner(): available
-Dio.netty.noPreferDirect: false
org.jctools-core.MpscChunkedArrayQueue: available
-Dio.netty.threadLocalMap.stringBuilder.initialSize: 1024
-Dio.netty.threadLocalMap.stringBuilder.maxSize: 4096
Default protocols (JDK): [TLSv1.3, TLSv1.2] 
Default cipher suites (JDK): [TLS_ECDHE_ECDSA_WITH_AES_256_GCM_SHA384, TLS_ECDHE_ECDSA_WITH_AES_128_GCM_SHA256, TLS_ECDHE_RSA_WITH_AES_128_GCM_SHA256, TLS_ECDHE_RSA_WITH_AES_256_GCM_SHA384, TLS_ECDHE_RSA_WITH_AES_128_CBC_SHA, TLS_ECDHE_RSA_WITH_AES_256_CBC_SHA, TLS_RSA_WITH_AES_128_GCM_SHA256, TLS_RSA_WITH_AES_128_CBC_SHA, TLS_RSA_WITH_AES_256_CBC_SHA, TLS_AES_128_GCM_SHA256, TLS_AES_256_GCM_SHA384]
-Dio.netty.eventLoopThreads: 8
-Dio.netty.noKeySetOptimization: false
-Dio.netty.selectorAutoRebuildThreshold: 512
-Dio.netty.allocator.numHeapArenas: 8
-Dio.netty.allocator.numDirectArenas: 8
-Dio.netty.allocator.pageSize: 8192
-Dio.netty.allocator.maxOrder: 11
-Dio.netty.allocator.chunkSize: 16777216
-Dio.netty.allocator.smallCacheSize: 256
-Dio.netty.allocator.normalCacheSize: 64
-Dio.netty.allocator.maxCachedBufferCapacity: 32768
-Dio.netty.allocator.cacheTrimInterval: 8192
-Dio.netty.allocator.cacheTrimIntervalMillis: 0
-Dio.netty.allocator.useCacheForAllThreads: true
-Dio.netty.allocator.maxCachedByteBuffersPerChunk: 1023
-Dio.netty.allocator.type: pooled
-Dio.netty.threadLocalDirectBufferSize: 0
-Dio.netty.maxThreadLocalCharBufferSize: 16384
-Dio.netty.processId: 6752 (auto-detected)
-Djava.net.preferIPv4Stack: false
-Djava.net.preferIPv6Addresses: false
Loopback interface: lo (Software Loopback Interface 1, 127.0.0.1)
Failed to get SOMAXCONN from sysctl and file \proc\sys\net\core\somaxconn. Default: 200
-Dio.netty.machineId: ec:a8:6b:ff:fe:f2:16:e9 (auto-detected)
-Dio.netty.buffer.checkAccessible: true
-Dio.netty.buffer.checkBounds: true
Loaded default ResourceLeakDetector: io.netty.util.ResourceLeakDetector@6c833bfe
-Dio.netty.recycler.maxCapacityPerThread: 4096
-Dio.netty.recycler.maxSharedCapacityFactor: 2
-Dio.netty.recycler.linkCapacity: 16
-Dio.netty.recycler.ratio: 8
-Dio.netty.recycler.delayedQueue.ratio: 8
brotli4j not in the classpath; Brotli support will be unavailable.
Set '60' timeout in seconds for loading of pages
Set async javascript execution timeout '10' in seconds
Browser 'FIREFOX' ready...
Maximizing browser window
Navigate to url - 'https://vk.com/'
Waiting for page to load
Text Field 'Login input' :: Clearing
Text Field 'Login input' :: Typing '+375291660762'
Text Field 'Password input' :: Clearing
Text Field 'Password input' :: Typing 'PuV6j_.2&$m9h?UYY'
Button 'Enter button' :: Clicking
Link 'My page' :: Clicking
Waiting for page to load
Label 'User as author' :: Getting attribute 'href'
Label 'User as author' :: Value of attribute 'href': [https://vk.com/id627657327]
Label 'Post text' :: Getting text from element
Label 'Post text' :: Element's text: [YKV5VeA8hYcwweZ]
Label 'Post text' :: Getting text from element
Label 'Post text' :: Element's text: [mAFmqgmheerx4t7]
Link 'Time post link' :: Clicking
Waiting for page to load
Label 'Comment text' :: Getting text from element
Label 'Comment text' :: Element's text: [ImzCV67AfExTO8E]
Label 'User as author' :: Getting attribute 'href'
Label 'User as author' :: Value of attribute 'href': [https://vk.com/id627657327]
Button 'Like button' :: Clicking
Waiting for page to load
Label 'Post' :: Waiting for element to be invisible or absent
Elements were found by locator 'By.xpath: //div[contains(@id, '26069')]//div[contains(@class, 'wall_post_text')]' but not in desired state DISPLAYED
Closing browser
Freed 2 thread-local buffer(s) from thread: AsyncHttpClient-1-3
